INFO: Pocophone F1 EST LIGADO.
INFO: Pocophone F1 EST LIGADO.
INFO: Pocophone F1 EST LIGADO.
ERROR: Pocophone F1 J EST LIGADO.
INFO: Pocophone F1 EST LIGADO.
ERROR: Pocophone F1 J EST LIGADO.
INFO: Pocophone F1 EST CONECTADO.
INFO: Pocophone F1 EST LIGADO.
ERROR: Pocophone F1 J EST LIGADO.
INFO: Pocophone F1 EST CONECTADO.
ERROR: Pocophone F1 J EST CONECTADO.
INFO: Pocophone F1 EST LIGADO.
ERROR: Pocophone F1 J EST LIGADO.
INFO: Pocophone F1 EST CONECTADO.
ERROR: Pocophone F1 J EST CONECTADO.
INFO: Pocophone F1 FOI DESLIGADO COM SUCESSO.
INFO: Pocophone F1 EST LIGADO.
ERROR: Pocophone F1 J EST LIGADO.
INFO: Pocophone F1 EST CONECTADO.
ERROR: Pocophone F1 J EST CONECTADO.
INFO: Pocophone F1 FOI DESLIGADO COM SUCESSO.
ERROR: Pocophone F1 N홒 EST LIGADO.
INFO: Pocophone F1 EST LIGADO.
ERROR: Pocophone F1 J EST LIGADO.
INFO: Pocophone F1 EST CONECTADO.
ERROR: Pocophone F1 J EST CONECTADO.
INFO: Pocophone F1 FOI DESLIGADO COM SUCESSO.
ERROR: Pocophone F1 N홒 EST LIGADO.
INFO: Pocophone F1 FOI DESCONECTADO COM SUCESSO.
INFO: Pocophone F1 EST LIGADO.
ERROR: Pocophone F1 J EST LIGADO.
INFO: Pocophone F1 EST CONECTADO.
ERROR: Pocophone F1 J EST CONECTADO.
INFO: Pocophone F1 FOI DESLIGADO COM SUCESSO.
ERROR: Pocophone F1 N홒 EST LIGADO.
INFO: Pocophone F1 FOI DESLIGADO COM SUCESSO.
INFO: Pocophone F1 EST LIGADO.
ERROR: Pocophone F1 J EST LIGADO.
INFO: Pocophone F1 EST CONECTADO.
ERROR: Pocophone F1 J EST CONECTADO.
INFO: Pocophone F1 FOI DESLIGADO COM SUCESSO.
ERROR: Pocophone F1 N홒 EST LIGADO.
INFO: Pocophone F1 FOI DESCONECTADO COM SUCESSO.
ERROR: Pocophone F1 N홒 EST CONECTADO.
ERROR: Pocophone F1 N홒 EST LIGADO.
ERROR: Pocophone F1 N홒 EST LIGADO.
ERROR: Pocophone F1 N홒 EST CONECTADO.
ERROR: Pocophone F1 N홒 EST LIGADO.
ERROR: Pocophone F1 N홒 EST LIGADO.
ERROR: Pocophone F1 N홒 EST LIGADO.
INFO: Pocophone F1 EST LIGADO.
ERROR: Pocophone F1 N홒 EST LIGADO.
INFO: Pocophone F1 EST LIGADO.
ERROR: Pocophone F1 N홒 EST CONECTADO.
ERROR: Pocophone F1 N홒 EST LIGADO.
INFO: Pocophone F1 EST LIGADO.
INFO: Pocophone F1 EST CONECTADO.
ERROR: Pocophone F1 N홒 EST LIGADO.
INFO: Pocophone F1 EST LIGADO.
INFO: Pocophone F1 EST CONECTADO.
INFO: Pocophone F1 FOI DESLIGADO COM SUCESSO.
ERROR: Pocophone F1 N홒 EST LIGADO.
INFO: Pocophone F1 EST LIGADO.
INFO: Pocophone F1 EST CONECTADO.
INFO: Pocophone F1 FOI DESLIGADO COM SUCESSO.
INFO: Pocophone F1 FOI DESCONECTADO COM SUCESSO.
ERROR: Pocophone F1 N홒 EST LIGADO.
INFO: Pocophone F1 EST LIGADO.
INFO: Pocophone F1 EST CONECTADO.
INFO: Pocophone F1 FOI DESLIGADO COM SUCESSO.
INFO: Pocophone F1 FOI DESCONECTADO COM SUCESSO.
INFO: Pocophone F1 EST LIGADO.
ERROR: Pocophone F1 N홒 EST LIGADO.
INFO: Pocophone F1 EST LIGADO.
INFO: Pocophone F1 EST CONECTADO.
INFO: Pocophone F1 FOI DESLIGADO COM SUCESSO.
INFO: Pocophone F1 FOI DESCONECTADO COM SUCESSO.
INFO: Pocophone F1 EST LIGADO.
ERROR: Pocophone F1 N홒 EST CONECTADO.
ERROR: Pocophone F1 N홒 EST LIGADO.
INFO: Pocophone F1 EST LIGADO.
INFO: Pocophone F1 EST CONECTADO.
INFO: Pocophone F1 FOI DESLIGADO COM SUCESSO.
INFO: Pocophone F1 FOI DESCONECTADO COM SUCESSO.
INFO: Pocophone F1 EST LIGADO.
ERROR: Pocophone F1 N홒 EST CONECTADO.
INFO: Pocophone F1 EST CONECTADO.
ERROR: Pocophone F1 N홒 EST LIGADO.
INFO: Pocophone F1 EST LIGADO.
INFO: Pocophone F1 EST CONECTADO.
INFO: Pocophone F1 FOI DESLIGADO COM SUCESSO.
INFO: Pocophone F1 FOI DESCONECTADO COM SUCESSO.
INFO: Pocophone F1 EST LIGADO.
ERROR: Pocophone F1 N홒 EST CONECTADO.
INFO: Pocophone F1 EST CONECTADO.
INFO: Pocophone F1 FOI DESCONECTADO COM SUCESSO.
ERROR: Pocophone F1 N홒 EST LIGADO.
INFO: Pocophone F1 EST LIGADO.
INFO: Pocophone F1 EST CONECTADO.
INFO: Pocophone F1 FOI DESLIGADO COM SUCESSO.
ERROR: Pocophone F1 J EST DESCONECTADO.
INFO: Pocophone F1 EST LIGADO.
ERROR: Pocophone F1 N홒 EST CONECTADO.
INFO: Pocophone F1 EST CONECTADO.
ERROR: Pocophone F1 J EST DESCONECTADO.
ERROR: Pocophone F1 N홒 EST LIGADO.
ERROR: Pocophone F1 N홒 EST CONECTADO.
ERROR: Pocophone F1 N홒 EST LIGADO.
INFO: Pocophone F1 EST LIGADO.
INFO: Pocophone F1 EST LIGADO.
INFO: Pocophone F1 EST CONECTADO.
INFO: Pocophone F1 EST LIGADO.
INFO: Pocophone F1 EST CONECTADO.
ERROR: Pocophone F1 J EST LIGADO.
INFO: Pocophone F1 EST LIGADO.
INFO: Pocophone F1 EST CONECTADO.
ERROR: Pocophone F1 J EST LIGADO.
ERROR: Pocophone F1 J EST CONECTADO.
INFO: Pocophone F1 EST LIGADO.
INFO: Pocophone F1 EST CONECTADO.
ERROR: Pocophone F1 J EST LIGADO.
ERROR: Pocophone F1 J EST CONECTADO.
ERROR: Pocophone F1 J EST DESCONECTADO.
INFO: Pocophone F1 EST LIGADO.
INFO: Pocophone F1 EST CONECTADO.
ERROR: Pocophone F1 J EST LIGADO.
ERROR: Pocophone F1 J EST CONECTADO.
ERROR: Pocophone F1 J EST DESCONECTADO.
INFO: Pocophone F1 EST LIGADO.
INFO: Pocophone F1 EST CONECTADO.
ERROR: Pocophone F1 J EST LIGADO.
ERROR: Pocophone F1 J EST CONECTADO.
ERROR: Pocophone F1 EST DESCONECTADO.
INFO: Pocophone F1 EST LIGADO.
INFO: Pocophone F1 EST CONECTADO.
ERROR: Pocophone F1 J EST LIGADO.
ERROR: Pocophone F1 J EST CONECTADO.
ERROR: Pocophone F1 EST DESCONECTADO.
ERROR: Pocophone F1 EST DESCONECTADO.
INFO: Pocophone F1 EST LIGADO.
INFO: Pocophone F1 EST CONECTADO.
ERROR: Pocophone F1 J EST LIGADO.
ERROR: Pocophone F1 J EST CONECTADO.
ERROR: Pocophone F1 EST DESCONECTADO.
ERROR: Pocophone F1 N홒 EST CONECTADO.
INFO: Pocophone F1 EST LIGADO.
INFO: Pocophone F1 EST CONECTADO.
ERROR: Pocophone F1 J EST LIGADO.
ERROR: Pocophone F1 J EST CONECTADO.
ERROR: Pocophone F1 EST DESCONECTADO.
ERROR: Pocophone F1 J EST DESCONECTADO.
INFO: Pocophone F1 EST LIGADO.
INFO: Pocophone F1 EST CONECTADO.
ERROR: Pocophone F1 J EST LIGADO.
ERROR: Pocophone F1 J EST CONECTADO.
ERROR: Pocophone F1 EST DESCONECTADO.
ERROR: Pocophone F1 J EST DESCONECTADO.
INFO: Pocophone F1 EST CONECTADO.
INFO: Pocophone F1 EST LIGADO.
INFO: Pocophone F1 EST CONECTADO.
ERROR: Pocophone F1 J EST LIGADO.
ERROR: Pocophone F1 J EST CONECTADO.
ERROR: Pocophone F1 EST DESCONECTADO.
ERROR: Pocophone F1 J EST DESCONECTADO.
INFO: Pocophone F1 EST CONECTADO.
ERROR: Pocophone F1 J EST CONECTADO.
INFO: Pocophone F1 EST LIGADO.
INFO: Pocophone F1 EST CONECTADO.
ERROR: Pocophone F1 J EST LIGADO.
ERROR: Pocophone F1 J EST CONECTADO.
ERROR: Pocophone F1 EST DESCONECTADO.
ERROR: Pocophone F1 J EST DESCONECTADO.
INFO: Pocophone F1 EST CONECTADO.
ERROR: Pocophone F1 J EST CONECTADO.
INFO: Pocophone F1 FOI DESLIGADO COM SUCESSO.
INFO: Pocophone F1 EST LIGADO.
INFO: Pocophone F1 EST CONECTADO.
ERROR: Pocophone F1 J EST LIGADO.
ERROR: Pocophone F1 J EST CONECTADO.
ERROR: Pocophone F1 EST DESCONECTADO.
ERROR: Pocophone F1 J EST DESCONECTADO.
INFO: Pocophone F1 EST CONECTADO.
ERROR: Pocophone F1 J EST CONECTADO.
INFO: Pocophone F1 FOI DESLIGADO COM SUCESSO.
ERROR: Pocophone F1 N홒 EST LIGADO.
INFO: Pocophone F1 EST LIGADO.
INFO: Pocophone F1 EST CONECTADO.
ERROR: Pocophone F1 J EST LIGADO.
ERROR: Pocophone F1 J EST CONECTADO.
ERROR: Pocophone F1 EST DESCONECTADO.
ERROR: Pocophone F1 J EST DESCONECTADO.
INFO: Pocophone F1 EST CONECTADO.
ERROR: Pocophone F1 J EST CONECTADO.
INFO: Pocophone F1 EST DESLIGADO.
ERROR: Pocophone F1 J EST DESLIGADO.
INFO: Pocophone F1 EST LIGADO.
INFO: Pocophone F1 EST CONECTADO.
ERROR: Pocophone F1 J EST LIGADO.
ERROR: Pocophone F1 J EST CONECTADO.
ERROR: Pocophone F1 EST DESCONECTADO.
ERROR: Pocophone F1 J EST DESCONECTADO.
INFO: Pocophone F1 EST CONECTADO.
ERROR: Pocophone F1 J EST CONECTADO.
INFO: Pocophone F1 EST DESLIGADO.
ERROR: Pocophone F1 J EST DESLIGADO.
ERROR: Pocophone F1 EST DESCONECTADO.
INFO: Pocophone F1 EST LIGADO.
INFO: Pocophone F1 EST CONECTADO.
ERROR: Pocophone F1 J EST LIGADO.
ERROR: Pocophone F1 J EST CONECTADO.
ERROR: Pocophone F1 EST DESCONECTADO.
ERROR: Pocophone F1 J EST DESCONECTADO.
INFO: Pocophone F1 EST CONECTADO.
ERROR: Pocophone F1 J EST CONECTADO.
INFO: Pocophone F1 EST DESLIGADO.
ERROR: Pocophone F1 J EST DESLIGADO.
ERROR: Pocophone F1 EST DESCONECTADO.
INFO: Pocophone F1 EST LIGADO.
INFO: Pocophone F1 EST CONECTADO.
INFO: Pocophone F1 EST LIGADO.
INFO: Pocophone F1 EST CONECTADO.
ERROR: Pocophone F1 J EST LIGADO.
ERROR: Pocophone F1 J EST CONECTADO.
ERROR: Pocophone F1 EST DESCONECTADO.
ERROR: Pocophone F1 J EST DESCONECTADO.
INFO: Pocophone F1 EST CONECTADO.
ERROR: Pocophone F1 J EST CONECTADO.
INFO: Pocophone F1 EST DESLIGADO.
ERROR: Pocophone F1 J EST DESLIGADO.
ERROR: Pocophone F1 EST DESCONECTADO.
INFO: Pocophone F1 EST LIGADO.
INFO: Pocophone F1 EST CONECTADO.
ERROR: Pocophone F1 EST DESCONECTADO.
INFO: Pocophone F1 EST LIGADO.
INFO: Pocophone F1 EST CONECTADO.
ERROR: Pocophone F1 J EST LIGADO.
ERROR: Pocophone F1 J EST CONECTADO.
ERROR: Pocophone F1 EST DESCONECTADO.
ERROR: Pocophone F1 J EST DESCONECTADO.
INFO: Pocophone F1 EST CONECTADO.
ERROR: Pocophone F1 J EST CONECTADO.
INFO: Pocophone F1 EST DESLIGADO.
ERROR: Pocophone F1 J EST DESLIGADO.
ERROR: Pocophone F1 EST DESCONECTADO.
INFO: Pocophone F1 EST LIGADO.
INFO: Pocophone F1 EST CONECTADO.
ERROR: Pocophone F1 EST DESCONECTADO.
ERROR: Pocophone F1 J EST DESCONECTADO.
INFO: Pocophone F1 EST LIGADO.
INFO: Pocophone F1 EST CONECTADO.
ERROR: Pocophone F1 J EST LIGADO.
ERROR: Pocophone F1 J EST CONECTADO.
INFO: Pocophone F1 EST DESCONECTADO.
ERROR: Pocophone F1 J EST DESCONECTADO.
INFO: Pocophone F1 EST CONECTADO.
ERROR: Pocophone F1 J EST CONECTADO.
INFO: Pocophone F1 EST DESLIGADO.
ERROR: Pocophone F1 J EST DESLIGADO.
ERROR: Pocophone F1 N홒 EST LIGADO E NEM CONECTADO.
INFO: Pocophone F1 EST LIGADO.
ERROR: Pocophone F1 J EST CONECTADO.
INFO: Pocophone F1 EST DESCONECTADO.
ERROR: Pocophone F1 J EST DESCONECTADO.
INFO: Pocophone F1 EST LIGADO.
INFO: Pocophone F1 J EST CONECTADO.
ERROR: Pocophone F1 J EST LIGADO.
ERROR: Pocophone F1 EST CONECTADO.
INFO: Pocophone F1 EST DESCONECTADO.
ERROR: Pocophone F1 J EST DESCONECTADO.
INFO: Pocophone F1 J EST CONECTADO.
ERROR: Pocophone F1 EST CONECTADO.
INFO: Pocophone F1 EST DESLIGADO.
ERROR: Pocophone F1 J EST DESLIGADO.
ERROR: Pocophone F1 N홒 EST LIGADO E NEM CONECTADO.
INFO: Pocophone F1 EST LIGADO.
ERROR: Pocophone F1 EST CONECTADO.
INFO: Pocophone F1 EST DESCONECTADO.
ERROR: Pocophone F1 J EST DESCONECTADO.
INFO: Pocophone F1 EST LIGADO.
INFO: Pocophone F1 J EST CONECTADO.
ERROR: Pocophone F1 J EST LIGADO.
INFO: Pocophone F1 J EST CONECTADO.
ERROR: Pocophone F1 J EST DESCONECTADO.
ERROR: Pocophone F1 J EST DESCONECTADO.
INFO: Pocophone F1 J EST CONECTADO.
INFO: Pocophone F1 J EST CONECTADO.
INFO: Pocophone F1 EST DESLIGADO.
ERROR: Pocophone F1 J EST DESLIGADO.
ERROR: Pocophone F1 N홒 EST LIGADO E NEM CONECTADO.
INFO: Pocophone F1 EST LIGADO.
INFO: Pocophone F1 J EST CONECTADO.
ERROR: Pocophone F1 J EST DESCONECTADO.
ERROR: Pocophone F1 J EST DESCONECTADO.
INFO: Pocophone F1 EST LIGADO.
INFO: Pocophone F1 J EST CONECTADO.
ERROR: Pocophone F1 J EST LIGADO.
ERROR: Pocophone F1 EST CONECTADO.
INFO: Pocophone F1 EST DESCONECTADO.
ERROR: Pocophone F1 J EST DESCONECTADO.
INFO: Pocophone F1 J EST CONECTADO.
ERROR: Pocophone F1 EST CONECTADO.
INFO: Pocophone F1 EST DESLIGADO.
ERROR: Pocophone F1 J EST DESLIGADO.
ERROR: Pocophone F1 N홒 EST LIGADO E NEM CONECTADO.
INFO: Pocophone F1 EST LIGADO.
ERROR: Pocophone F1 EST CONECTADO.
INFO: Pocophone F1 EST DESCONECTADO.
ERROR: Pocophone F1 J EST DESCONECTADO.
INFO: Pocophone F1 EST LIGADO.
INFO: Pocophone F1 EST CONECTADO.
ERROR: Pocophone F1 J EST LIGADO.
ERROR: Pocophone F1 J EST CONECTADO.
INFO: Pocophone F1 EST DESCONECTADO.
ERROR: Pocophone F1 J EST DESCONECTADO.
INFO: Pocophone F1 EST CONECTADO.
ERROR: Pocophone F1 J EST CONECTADO.
INFO: Pocophone F1 EST DESLIGADO.
ERROR: Pocophone F1 J EST DESLIGADO.
ERROR: Pocophone F1 N홒 EST LIGADO E NEM CONECTADO.
INFO: Pocophone F1 EST LIGADO.
ERROR: Pocophone F1 J EST CONECTADO.
INFO: Pocophone F1 EST DESCONECTADO.
ERROR: Pocophone F1 J EST DESCONECTADO.
INFO: Pocophone F1 EST LIGADO.
INFO: Pocophone F1 EST CONECTADO.
ERROR: Pocophone F1 J EST LIGADO.
ERROR: Pocophone F1 J EST CONECTADO.
INFO: Pocophone F1 EST DESCONECTADO.
ERROR: Pocophone F1 J EST DESCONECTADO.
INFO: Pocophone F1 EST CONECTADO.
ERROR: Pocophone F1 J EST CONECTADO.
INFO: Pocophone F1 EST DESLIGADO.
ERROR: Pocophone F1 J EST DESLIGADO.
ERROR: Pocophone F1 N홒 EST LIGADO.
INFO: Pocophone F1 EST LIGADO.
ERROR: Pocophone F1 J EST CONECTADO.
INFO: Pocophone F1 EST DESCONECTADO.
ERROR: Pocophone F1 J EST DESCONECTADO.
INFO: Pocophone F1 EST LIGADO.
INFO: Pocophone F1 EST CONECTADO.
ERROR: Pocophone F1 J EST LIGADO.
ERROR: Pocophone F1 J EST CONECTADO.
INFO: Pocophone F1 EST DESCONECTADO.
ERROR: Pocophone F1 J EST DESCONECTADO.
INFO: Pocophone F1 EST CONECTADO.
ERROR: Pocophone F1 J EST CONECTADO.
INFO: Pocophone F1 EST DESLIGADO.
ERROR: Pocophone F1 J EST DESLIGADO.
ERROR: Pocophone F1 N홒 EST LIGADO.
INFO: Pocophone F1 EST LIGADO.
ERROR: Pocophone F1 J EST CONECTADO.
INFO: Pocophone F1 EST DESCONECTADO.
ERROR: Pocophone F1 J EST DESCONECTADO.
INFO: Pocophone F1 EST LIGADO.
INFO: Pocophone F1 EST CONECTADO.
ERROR: Pocophone F1 J EST LIGADO.
ERROR: Pocophone F1 J EST CONECTADO.
INFO: Pocophone F1 EST DESCONECTADO.
ERROR: Pocophone F1 J EST DESCONECTADO.
INFO: Pocophone F1 EST CONECTADO.
ERROR: Pocophone F1 J EST CONECTADO.
INFO: Pocophone F1 EST DESLIGADO.
ERROR: Pocophone F1 J EST DESLIGADO.
ERROR: Pocophone F1 EST DESLIGADO.
INFO: Pocophone F1 EST LIGADO.
ERROR: Pocophone F1 J EST CONECTADO.
INFO: Pocophone F1 EST DESCONECTADO.
ERROR: Pocophone F1 J EST DESCONECTADO.
INFO: Pocophone F1 EST LIGADO.
INFO: Pocophone F1 EST CONECTADO.
ERROR: Pocophone F1 J EST LIGADO.
INFO: Pocophone F1 EST LIGADO.
INFO: Pocophone F1 EST CONECTADO.
ERROR: Pocophone F1 J EST LIGADO.
ERROR: Pocophone F1 J EST CONECTADO.
INFO: Pocophone F1 EST DESCONECTADO.
ERROR: Pocophone F1 J EST DESCONECTADO.
INFO: Pocophone F1 EST CONECTADO.
ERROR: Pocophone F1 J EST CONECTADO.
INFO: Pocophone F1 EST DESLIGADO.
ERROR: Pocophone F1 J EST DESLIGADO.
ERROR: Pocophone F1 EST DESLIGADO.
INFO: Pocophone F1 EST LIGADO.
ERROR: Pocophone F1 J EST CONECTADO.
INFO: Pocophone F1 EST DESCONECTADO.
ERROR: Pocophone F1 J EST DESCONECTADO.
INFO: Pocophone F1 EST LIGADO.
INFO: Pocophone F1 EST CONECTADO.
ERROR: Pocophone F1 J EST LIGADO.
ERROR: Pocophone F1 J EST CONECTADO.
INFO: Pocophone F1 EST DESCONECTADO.
ERROR: Pocophone F1 J EST DESCONECTADO.
INFO: Pocophone F1 EST CONECTADO.
ERROR: Pocophone F1 J EST CONECTADO.
INFO: Pocophone F1 EST DESLIGADO.
ERROR: Pocophone F1 J EST DESLIGADO.
ERROR: Pocophone F1 EST DESLIGADO.
INFO: Pocophone F1 EST LIGADO.
ERROR: Pocophone F1 J EST CONECTADO.
INFO: Pocophone F1 EST DESCONECTADO.
ERROR: Pocophone F1 J EST DESCONECTADO.
INFO: Pocophone F1 EST LIGADO.
INFO: Pocophone F1 EST CONECTADO.
ERROR: Pocophone F1 J EST LIGADO.
ERROR: Pocophone F1 J EST CONECTADO.
INFO: Pocophone F1 EST DESCONECTADO.
ERROR: Pocophone F1 J EST DESCONECTADO.
INFO: Pocophone F1 EST CONECTADO.
ERROR: Pocophone F1 J EST CONECTADO.
INFO: Pocophone F1 EST DESLIGADO.
ERROR: Pocophone F1 J EST DESLIGADO.
ERROR: Pocophone F1 EST DESLIGADO.
INFO: Pocophone F1 EST LIGADO.
ERROR: Pocophone F1 J EST CONECTADO.
INFO: Pocophone F1 EST DESCONECTADO.
ERROR: Pocophone F1 J EST DESCONECTADO.
INFO: Pocophone F1 EST LIGADO.
INFO: Pocophone F1 EST LIGADO.
INFO: Pocophone F1 EST CONECTADO.
ERROR: Pocophone F1 J EST LIGADO.
ERROR: Pocophone F1 J EST CONECTADO.
INFO: Pocophone F1 EST DESCONECTADO.
ERROR: Pocophone F1 J EST DESCONECTADO.
INFO: Pocophone F1 EST CONECTADO.
ERROR: Pocophone F1 J EST CONECTADO.
INFO: Pocophone F1 EST DESLIGADO.
ERROR: Pocophone F1 J EST DESLIGADO.
ERROR: Pocophone F1 EST DESLIGADO.
INFO: Pocophone F1 EST LIGADO.
ERROR: Pocophone F1 J EST CONECTADO.
INFO: Pocophone F1 EST DESCONECTADO.
ERROR: Pocophone F1 J EST DESCONECTADO.
INFO: Pocophone F1 EST LIGADO.
INFO: Pocophone F1 EST CONECTADO.
ERROR: Pocophone F1 J EST LIGADO.
ERROR: Pocophone F1 J EST CONECTADO.
INFO: Pocophone F1 EST DESCONECTADO.
ERROR: Pocophone F1 J EST DESCONECTADO.
INFO: Pocophone F1 EST CONECTADO.
ERROR: Pocophone F1 J EST CONECTADO.
INFO: Pocophone F1 EST DESLIGADO.
ERROR: Pocophone F1 J EST DESLIGADO.
ERROR: Pocophone F1 EST DESLIGADO.
INFO: Pocophone F1 EST LIGADO.
ERROR: Pocophone F1 J EST CONECTADO.
INFO: Pocophone F1 EST DESCONECTADO.
ERROR: Pocophone F1 J EST DESCONECTADO.
INFO: Pocophone F1 EST LIGADO.
INFO: Pocophone F1 EST CONECTADO.
ERROR: Pocophone F1 J EST LIGADO.
ERROR: Pocophone F1 J EST CONECTADO.
INFO: Pocophone F1 EST DESCONECTADO.
ERROR: Pocophone F1 J EST DESCONECTADO.
INFO: Pocophone F1 EST CONECTADO.
ERROR: Pocophone F1 J EST CONECTADO.
INFO: Pocophone F1 EST DESLIGADO.
ERROR: Pocophone F1 J EST DESLIGADO.
ERROR: Pocophone F1 EST DESLIGADO.
INFO: Pocophone F1 EST LIGADO.
ERROR: Pocophone F1 J EST CONECTADO.
INFO: Pocophone F1 EST DESCONECTADO.
ERROR: Pocophone F1 J EST DESCONECTADO.
